<?xml version="1.0" encoding="UTF-8"?>
<!-- Generated by org.testng.reporters.JUnitReportReporter -->
<testsuite hostname="DESKTOP-9CA997L" failures="0" tests="3" name="practice.testng.SampleReportTest" time="0.451" errors="0" timestamp="2025-01-24T18:34:27 IST" skipped="0">
  <testcase classname="practice.testng.SampleReportTest" name="createContactWithPhoneNumberTest" time="0.003"/>
  <testcase classname="practice.testng.SampleReportTest" name="createContactWithORGTest" time="0.003"/>
  <testcase classname="practice.testng.SampleReportTest" name="createContactTest" time="0.445"/>
</testsuite> <!-- practice.testng.SampleReportTest -->
