<?xml version="1.0" encoding="UTF-8"?>
<!-- Generated by org.testng.reporters.JUnitReportReporter -->
<testsuite hostname="DESKTOP-9CA997L" failures="0" tests="1" name="pac1.sampleTest5" time="152.487" errors="0" timestamp="2025-02-05T11:10:11 IST" skipped="0">
  <testcase classname="pac1.sampleTest5" name="sampleTest" time="152.487"/>
</testsuite> <!-- pac1.sampleTest5 -->
