<?xml version="1.0" encoding="UTF-8"?>
<!-- Generated by org.testng.reporters.JUnitReportReporter -->
<testsuite hostname="DESKTOP-9CA997L" failures="0" tests="2" name="com.crm.comcast.contacttest.CreateContactTest" time="0.017" errors="0" timestamp="2025-01-20T15:12:46 IST" skipped="0">
  <testcase classname="com.crm.comcast.contacttest.CreateContactTest" name="createContactWithDate" time="0.003"/>
  <testcase classname="com.crm.comcast.contacttest.CreateContactTest" name="createContact" time="0.014"/>
</testsuite> <!-- com.crm.comcast.contacttest.CreateContactTest -->
