<?xml version="1.0" encoding="UTF-8"?>
<!-- Generated by org.testng.reporters.JUnitReportReporter -->
<testsuite hostname="DESKTOP-9CA997L" failures="0" tests="1" name="com.crm.generic.baseutility.DummyRunner" time="0.016" errors="0" timestamp="2025-01-20T23:59:25 IST" skipped="0">
  <testcase classname="com.crm.generic.baseutility.DummyRunner" name="CreatAccount" time="0.016"/>
</testsuite> <!-- com.crm.generic.baseutility.DummyRunner -->
