<?xml version="1.0" encoding="UTF-8"?>
<!-- Generated by org.testng.reporters.JUnitReportReporter -->
<testsuite hostname="DESKTOP-9CA997L" failures="0" tests="3" name="practice.testng.CreatingContact_Dp_Test" time="0.023" errors="0" timestamp="2025-01-18T17:21:12 IST" skipped="0">
  <testcase classname="practice.testng.CreatingContact_Dp_Test" name="createContactTest" time="0.001"/>
  <testcase classname="practice.testng.CreatingContact_Dp_Test" name="createContactTest" time="0.020"/>
  <testcase classname="practice.testng.CreatingContact_Dp_Test" name="createContactTest" time="0.002"/>
</testsuite> <!-- practice.testng.CreatingContact_Dp_Test -->
