<?xml version="1.0" encoding="UTF-8"?>
<!-- Generated by org.testng.reporters.JUnitReportReporter -->
<testsuite hostname="DESKTOP-9CA997L" failures="0" tests="2" name="com.crm.comcast.orgtest.CreateOrgTest" time="0.013" errors="0" timestamp="2025-01-20T15:12:46 IST" skipped="0">
  <testcase classname="com.crm.comcast.orgtest.CreateOrgTest" name="createOrgWithIndustryTest" time="0.008"/>
  <testcase classname="com.crm.comcast.orgtest.CreateOrgTest" name="createOrgTest" time="0.005"/>
</testsuite> <!-- com.crm.comcast.orgtest.CreateOrgTest -->
