<?xml version="1.0" encoding="UTF-8"?>
<!-- Generated by org.testng.reporters.JUnitReportReporter -->
<testsuite hostname="DESKTOP-9CA997L" failures="0" tests="1" name="pac1.sampleTest1" time="57.258" errors="0" timestamp="2025-02-05T11:10:11 IST" skipped="0">
  <testcase classname="pac1.sampleTest1" name="sampleTest" time="57.258"/>
</testsuite> <!-- pac1.sampleTest1 -->
