<?xml version="1.0" encoding="UTF-8"?>
<!-- Generated by org.testng.reporters.JUnitReportReporter -->
<testsuite hostname="DESKTOP-9CA997L" failures="0" tests="2" name="practice.testng.DependsonMethods_OrderTest" time="0.014" errors="0" timestamp="2025-01-17T15:32:31 IST" skipped="0">
  <testcase classname="practice.testng.DependsonMethods_OrderTest" name="createOrderTest" time="0.012"/>
  <testcase classname="practice.testng.DependsonMethods_OrderTest" name="billingAnOrderTest" time="0.002"/>
</testsuite> <!-- practice.testng.DependsonMethods_OrderTest -->
