<?xml version="1.0" encoding="UTF-8"?>
<!-- Generated by org.testng.reporters.JUnitReportReporter -->
<testsuite hostname="DESKTOP-9CA997L" failures="0" tests="1" name="practice.testng.SampleTestForScreenShot" time="3.436" errors="0" timestamp="2025-01-21T17:23:56 IST" skipped="0">
  <testcase classname="practice.testng.SampleTestForScreenShot" name="amazonTest" time="3.436"/>
</testsuite> <!-- practice.testng.SampleTestForScreenShot -->
