<?xml version="1.0" encoding="UTF-8"?>
<!-- Generated by org.testng.reporters.JUnitReportReporter -->
<testsuite hostname="DESKTOP-9CA997L" failures="0" tests="3" name="practice.testng.ContactsTest" time="0.019" errors="0" timestamp="2025-01-17T15:23:27 IST" skipped="0">
  <testcase classname="practice.testng.ContactsTest" name="createContactsTest" time="0.015"/>
  <testcase classname="practice.testng.ContactsTest" name="modifyContactsTest" time="0.001"/>
  <testcase classname="practice.testng.ContactsTest" name="deleteContactTest" time="0.003"/>
</testsuite> <!-- practice.testng.ContactsTest -->
