<?xml version="1.0" encoding="UTF-8"?>
<!-- Generated by org.testng.reporters.JUnitReportReporter -->
<testsuite hostname="DESKTOP-9CA997L" failures="0" tests="2" name="com.pac1.CreateContactTest" time="0.020" errors="0" timestamp="2025-01-20T14:52:41 IST" skipped="0">
  <testcase classname="com.pac1.CreateContactTest" name="createContact" time="0.014"/>
  <testcase classname="com.pac1.CreateContactTest" name="createContactWithDate" time="0.006"/>
</testsuite> <!-- com.pac1.CreateContactTest -->
