<?xml version="1.0" encoding="UTF-8"?>
<!-- Generated by org.testng.reporters.JUnitReportReporter -->
<testsuite hostname="DESKTOP-9CA997L" failures="0" tests="1" name="browserstack.BrowserStackCodeTest" time="17.754" errors="0" timestamp="2025-02-03T15:49:04 IST" skipped="0">
  <testcase classname="browserstack.BrowserStackCodeTest" name="sampleTest" time="17.754"/>
</testsuite> <!-- browserstack.BrowserStackCodeTest -->
