<?xml version="1.0" encoding="UTF-8"?>
<!-- Generated by org.testng.reporters.JUnitReportReporter -->
<testsuite hostname="DESKTOP-9CA997L" failures="0" tests="2" name="practice.hometest.BasicReporting_Reporter" time="0.022" errors="0" timestamp="2025-01-21T16:49:52 IST" skipped="0">
  <testcase classname="practice.hometest.BasicReporting_Reporter" name="verifyHomePagetest" time="0.003">
    <system-out>
      <![CDATA[verifyHomePagetestTest start
s1
s2
s3
s4
verifyHomePagetestTest end]]>
    </system-out>
  </testcase> <!-- verifyHomePagetest -->
  <testcase classname="practice.hometest.BasicReporting_Reporter" name="homePageTest" time="0.019">
    <system-out>
      <![CDATA[homePageTestTest start
s1
s2
s3
s4
homePageTestTest end]]>
    </system-out>
  </testcase> <!-- homePageTest -->
  <system-out>
    <![CDATA[homePageTestTest start
s1
s2
s3
s4
homePageTestTest end
verifyHomePagetestTest start
s1
s2
s3
s4
verifyHomePagetestTest end]]>
  </system-out>
</testsuite> <!-- practice.hometest.BasicReporting_Reporter -->
