<?xml version="1.0" encoding="UTF-8"?>
<!-- Generated by org.testng.reporters.JUnitReportReporter -->
<testsuite hostname="DESKTOP-9CA997L" failures="0" tests="11" name="practice.testng.InvocationCount_OrderTest" time="0.029" errors="0" timestamp="2025-01-17T15:35:42 IST" skipped="1">
  <testcase classname="practice.testng.InvocationCount_OrderTest" name="createOrderTest" time="0.002"/>
  <testcase classname="practice.testng.InvocationCount_OrderTest" name="createOrderTest" time="0.002"/>
  <testcase classname="practice.testng.InvocationCount_OrderTest" name="createOrderTest" time="0.002"/>
  <testcase classname="practice.testng.InvocationCount_OrderTest" name="createOrderTest" time="0.001"/>
  <testcase classname="practice.testng.InvocationCount_OrderTest" name="createOrderTest" time="0.003"/>
  <testcase classname="practice.testng.InvocationCount_OrderTest" name="createOrderTest" time="0.001"/>
  <testcase classname="practice.testng.InvocationCount_OrderTest" name="createOrderTest" time="0.014"/>
  <testcase classname="practice.testng.InvocationCount_OrderTest" name="createOrderTest" time="0.001"/>
  <testcase classname="practice.testng.InvocationCount_OrderTest" name="createOrderTest" time="0.001"/>
  <testcase classname="practice.testng.InvocationCount_OrderTest" name="createOrderTest" time="0.002"/>
  <testcase classname="practice.testng.InvocationCount_OrderTest" name="billingAnOrderTest">
    <skipped/>
  </testcase> <!-- billingAnOrderTest -->
</testsuite> <!-- practice.testng.InvocationCount_OrderTest -->
