<?xml version="1.0" encoding="UTF-8"?>
<!-- Generated by org.testng.reporters.JUnitReportReporter -->
<testsuite hostname="DESKTOP-9CA997L" failures="0" tests="1" name="pac1.sampleTest3" time="128.676" errors="0" timestamp="2025-02-05T11:10:11 IST" skipped="0">
  <testcase classname="pac1.sampleTest3" name="sampleTest" time="128.676"/>
</testsuite> <!-- pac1.sampleTest3 -->
