<?xml version="1.0" encoding="UTF-8"?>
<!-- Generated by org.testng.reporters.JUnitReportReporter -->
<testsuite hostname="DESKTOP-9CA997L" failures="0" tests="1" name="DDTpractice.ReaddataFromTextNgxmlTest" time="8.503" errors="0" timestamp="2025-01-09T12:21:23 IST" skipped="0">
  <testcase classname="DDTpractice.ReaddataFromTextNgxmlTest" name="sampleTest" time="8.503"/>
</testsuite> <!-- DDTpractice.ReaddataFromTextNgxmlTest -->
