<?xml version="1.0" encoding="UTF-8"?>
<!-- Generated by org.testng.reporters.JUnitReportReporter -->
<testsuite hostname="DESKTOP-9CA997L" failures="0" tests="2" name="practice.testng.SampleTest" time="0.015" errors="0" timestamp="2025-01-17T15:02:37 IST" skipped="0">
  <testcase classname="practice.testng.SampleTest" name="createContactTest" time="0.013"/>
  <testcase classname="practice.testng.SampleTest" name="createContactWithPhoneNumberTest" time="0.002"/>
</testsuite> <!-- practice.testng.SampleTest -->
